Base path: 'D:/Unity/2019.4.10f1/Editor/Data', plugins path 'D:/Unity/2019.4.10f1/Editor/Data/PlaybackEngines'
Cmd: initializeCompiler
Cmd: preprocessCompute
  insize=7716 outsize=7718 ok=1
Cmd: preprocessCompute
  insize=5804 outsize=5806 ok=1
Cmd: preprocess
  insize=39736 outsize=611 ok=1
Cmd: preprocessCompute
  insize=7753 outsize=7755 ok=1
Cmd: preprocessCompute
  insize=5804 outsize=5806 ok=1
Cmd: preprocess
  insize=39736 outsize=611 ok=1
Cmd: preprocessCompute
  insize=7753 outsize=7755 ok=1
Cmd: preprocessCompute
  insize=5804 outsize=5806 ok=1
Cmd: preprocess
  insize=39736 outsize=611 ok=1
Cmd: preprocessCompute
  insize=7753 outsize=7755 ok=1
Cmd: preprocessCompute
  insize=5804 outsize=5806 ok=1
Cmd: preprocess
  insize=39736 outsize=611 ok=1
Cmd: preprocessCompute
  insize=7753 outsize=7755 ok=1
Cmd: preprocessCompute
  insize=5804 outsize=5806 ok=1
Cmd: preprocess
  insize=39736 outsize=611 ok=1
Cmd: preprocessCompute
  insize=7753 outsize=7755 ok=1
Cmd: preprocessCompute
  insize=5804 outsize=5806 ok=1
Cmd: preprocess
  insize=39736 outsize=611 ok=1
Cmd: preprocessCompute
  insize=7753 outsize=7755 ok=1
Cmd: preprocessCompute
  insize=5804 outsize=5806 ok=1
Cmd: preprocess
  insize=39736 outsize=611 ok=1
Cmd: preprocessCompute
  insize=7753 outsize=7755 ok=1
Cmd: preprocessCompute
  insize=5804 outsize=5806 ok=1
Cmd: preprocess
  insize=39736 outsize=611 ok=1
Cmd: preprocessCompute
  insize=7753 outsize=7755 ok=1
Cmd: preprocessCompute
  insize=5804 outsize=5806 ok=1
Cmd: preprocess
  insize=39736 outsize=611 ok=1
Cmd: preprocessCompute
  insize=7753 outsize=7755 ok=1
Cmd: preprocessCompute
  insize=5804 outsize=5806 ok=1
Cmd: preprocess
  insize=39736 outsize=611 ok=1
Cmd: preprocessCompute
  insize=7753 outsize=7755 ok=1
Cmd: preprocessCompute
  insize=5804 outsize=5806 ok=1
Cmd: preprocess
  insize=39736 outsize=611 ok=1
Cmd: preprocessCompute
  insize=7753 outsize=7755 ok=1
Cmd: preprocessCompute
  insize=5804 outsize=5806 ok=1
Cmd: preprocess
  insize=39736 outsize=611 ok=1
Cmd: preprocessCompute
  insize=7753 outsize=7755 ok=1
Cmd: preprocessCompute
  insize=5804 outsize=5806 ok=1
Cmd: preprocess
  insize=39736 outsize=611 ok=1
Cmd: preprocessCompute
  insize=7753 outsize=7755 ok=1
Cmd: preprocessCompute
  insize=5804 outsize=5806 ok=1
Cmd: preprocess
  insize=39736 outsize=611 ok=1
Cmd: preprocessCompute
  insize=7753 outsize=7755 ok=1
Cmd: preprocessCompute
  insize=5804 outsize=5806 ok=1
Cmd: preprocess
  insize=39736 outsize=611 ok=1
Cmd: preprocessCompute
  insize=7753 outsize=7755 ok=1
Cmd: preprocessCompute
  insize=5804 outsize=5806 ok=1
Cmd: preprocess
  insize=39736 outsize=611 ok=1
Cmd: preprocessCompute
  insize=7753 outsize=7755 ok=1
Cmd: preprocessCompute
  insize=5804 outsize=5806 ok=1
Cmd: preprocess
  insize=39736 outsize=611 ok=1
Cmd: preprocessCompute
  insize=7753 outsize=7755 ok=1
Cmd: preprocessCompute
  insize=5804 outsize=5806 ok=1
Cmd: preprocess
  insize=39736 outsize=611 ok=1
Cmd: preprocessCompute
  insize=8786 outsize=8788 ok=1
Cmd: compileComputeKernel
  api=4 insize=8788 outsize=3235 ok=1
Cmd: preprocessCompute
  insize=5810 outsize=5812 ok=1
Cmd: compileComputeKernel
  api=4 insize=5812 outsize=1414 ok=1
Cmd: preprocess
  insize=40288 outsize=612 ok=1
Cmd: preprocessCompute
  insize=8795 outsize=8797 ok=1
Cmd: compileComputeKernel
  api=4 insize=8797 outsize=3291 ok=1
Cmd: preprocessCompute
  insize=5804 outsize=5806 ok=1
Cmd: compileComputeKernel
  api=4 insize=5806 outsize=1402 ok=1
Cmd: preprocess
  insize=40336 outsize=612 ok=1
Cmd: preprocessCompute
  insize=8795 outsize=8797 ok=1
Cmd: compileComputeKernel
  api=4 insize=8797 outsize=3291 ok=1
Cmd: preprocessCompute
  insize=5804 outsize=5806 ok=1
Cmd: preprocess
  insize=40336 outsize=609 ok=1
Cmd: preprocessCompute
  insize=8265 outsize=8267 ok=1
Cmd: compileComputeKernel
  api=4 insize=8267 outsize=2971 ok=1
Cmd: preprocessCompute
  insize=5804 outsize=5806 ok=1
Cmd: compileComputeKernel
  api=4 insize=5806 outsize=1402 ok=1
Cmd: preprocess
  insize=39936 outsize=612 ok=1
Cmd: preprocessCompute
  insize=8265 outsize=8267 ok=1
Cmd: preprocessCompute
  insize=5804 outsize=5806 ok=1
Cmd: preprocess
  insize=39936 outsize=612 ok=1
Cmd: preprocessCompute
  insize=8265 outsize=8267 ok=1
Cmd: preprocessCompute
  insize=5804 outsize=5806 ok=1
Cmd: preprocess
  insize=39936 outsize=612 ok=1
Cmd: preprocessCompute
  insize=8265 outsize=8267 ok=1
Cmd: preprocessCompute
  insize=5804 outsize=5806 ok=1
Cmd: preprocess
  insize=39936 outsize=612 ok=1
Cmd: preprocessCompute
  insize=8265 outsize=8267 ok=1
Cmd: preprocessCompute
  insize=5804 outsize=5806 ok=1
Cmd: preprocess
  insize=39936 outsize=612 ok=1
Cmd: preprocessCompute
  insize=8265 outsize=8267 ok=1
Cmd: preprocessCompute
  insize=5804 outsize=5806 ok=1
Cmd: preprocess
  insize=39936 outsize=612 ok=1
Cmd: preprocessCompute
  insize=8464 outsize=8466 ok=1
Cmd: compileComputeKernel
  api=4 insize=8466 outsize=3011 ok=1
Cmd: preprocessCompute
  insize=6949 outsize=6951 ok=1
Cmd: compileComputeKernel
  api=4 insize=6951 outsize=1572 ok=1
Cmd: preprocess
  insize=39936 outsize=612 ok=1
Cmd: preprocessCompute
  insize=8464 outsize=8466 ok=1
Cmd: preprocessCompute
  insize=7002 outsize=7004 ok=1
Cmd: compileComputeKernel
  api=4 insize=7004 outsize=1572 ok=1
Cmd: preprocess
  insize=39936 outsize=612 ok=1
Cmd: preprocessCompute
  insize=8464 outsize=8466 ok=1
Cmd: preprocessCompute
  insize=7350 outsize=7352 ok=1
Cmd: compileComputeKernel
  api=4 insize=7352 outsize=1994 ok=1
Cmd: preprocess
  insize=39936 outsize=612 ok=1
Cmd: preprocessCompute
  insize=4204 outsize=4206 ok=1
Cmd: compileComputeKernel
  api=4 insize=4206 outsize=223 ok=1
Cmd: preprocessCompute
  insize=3485 outsize=3487 ok=1
Cmd: compileComputeKernel
  api=4 insize=3487 outsize=659 ok=1
Cmd: preprocess
  insize=34918 outsize=624 ok=1
Cmd: preprocessCompute
  insize=1896 outsize=1898 ok=1
Cmd: compileComputeKernel
  api=4 insize=1898 outsize=1006 ok=1
Cmd: preprocessCompute
  insize=8464 outsize=8466 ok=1
Cmd: preprocessCompute
  insize=7350 outsize=7352 ok=1
Cmd: preprocess
  insize=39936 outsize=612 ok=1
Cmd: preprocessCompute
  insize=4204 outsize=4206 ok=1
Cmd: preprocessCompute
  insize=3453 outsize=3455 ok=1
Cmd: compileComputeKernel
  api=4 insize=3455 outsize=223 ok=1
Cmd: preprocess
  insize=34869 outsize=611 ok=1
Cmd: preprocessCompute
  insize=8464 outsize=8466 ok=1
Cmd: preprocessCompute
  insize=7350 outsize=7352 ok=1
Cmd: preprocess
  insize=39936 outsize=612 ok=1
Cmd: preprocessCompute
  insize=5206 outsize=5208 ok=1
Cmd: compileComputeKernel
  api=4 insize=5208 outsize=1768 ok=1
Cmd: preprocessCompute
  insize=4876 outsize=4878 ok=1
Cmd: compileComputeKernel
  api=4 insize=4878 outsize=1154 ok=1
Cmd: preprocess
  insize=35025 outsize=611 ok=1
Cmd: preprocessCompute
  insize=8464 outsize=8466 ok=1
Cmd: preprocessCompute
  insize=7350 outsize=7352 ok=1
Cmd: preprocess
  insize=39936 outsize=612 ok=1
Cmd: preprocessCompute
  insize=5919 outsize=5921 ok=1
Cmd: compileComputeKernel
  api=4 insize=5921 outsize=2230 ok=1
Cmd: preprocessCompute
  insize=5786 outsize=5788 ok=1
Cmd: compileComputeKernel
  api=4 insize=5788 outsize=1406 ok=1
Cmd: preprocess
  insize=35287 outsize=612 ok=1
Cmd: preprocessCompute
  insize=8464 outsize=8466 ok=1
Cmd: preprocessCompute
  insize=7350 outsize=7352 ok=1
Cmd: preprocess
  insize=39936 outsize=612 ok=1
Cmd: preprocessCompute
  insize=6440 outsize=6442 ok=1
Cmd: compileComputeKernel
  api=4 insize=6442 outsize=2528 ok=1
Cmd: preprocessCompute
  insize=5786 outsize=5788 ok=1
Cmd: compileComputeKernel
  api=4 insize=5788 outsize=1406 ok=1
Cmd: preprocess
  insize=35443 outsize=612 ok=1
Cmd: preprocessCompute
  insize=8464 outsize=8466 ok=1
Cmd: preprocessCompute
  insize=7350 outsize=7352 ok=1
Cmd: preprocess
  insize=39936 outsize=612 ok=1
Cmd: preprocessCompute
  insize=6440 outsize=6442 ok=1
Cmd: preprocessCompute
  insize=5786 outsize=5788 ok=1
Cmd: preprocess
  insize=35443 outsize=612 ok=1
Cmd: preprocessCompute
  insize=8865 outsize=8867 ok=1
Cmd: compileComputeKernel
  api=4 insize=8867 outsize=3477 ok=1
Cmd: preprocessCompute
  insize=7350 outsize=7352 ok=1
Cmd: preprocess
  insize=39936 outsize=612 ok=1
Cmd: preprocessCompute
  insize=6440 outsize=6442 ok=1
Cmd: preprocessCompute
  insize=5786 outsize=5788 ok=1
Cmd: preprocess
  insize=35443 outsize=612 ok=1
Cmd: preprocessCompute
  insize=8464 outsize=8466 ok=1
Cmd: preprocessCompute
  insize=7350 outsize=7352 ok=1
Cmd: preprocess
  insize=39936 outsize=612 ok=1
Cmd: preprocessCompute
  insize=7737 outsize=7739 ok=1
Cmd: compileComputeKernel
  api=4 insize=7739 outsize=2930 ok=1
Cmd: preprocessCompute
  insize=5786 outsize=5788 ok=1
Cmd: preprocess
  insize=35443 outsize=612 ok=1
Cmd: preprocessCompute
  insize=8464 outsize=8466 ok=1
Cmd: preprocessCompute
  insize=7350 outsize=7352 ok=1
Cmd: preprocess
  insize=39936 outsize=612 ok=1
Cmd: preprocessCompute
  insize=7733 outsize=7735 ok=1
Cmd: compileComputeKernel
  api=4 insize=7735 outsize=2930 ok=1
Cmd: preprocessCompute
  insize=5774 outsize=5776 ok=1
Cmd: compileComputeKernel
  api=4 insize=5776 outsize=1406 ok=1
Cmd: preprocess
  insize=35429 outsize=612 ok=1
Cmd: preprocessCompute
  insize=8464 outsize=8466 ok=1
Cmd: preprocessCompute
  insize=7350 outsize=7352 ok=1
Cmd: preprocess
  insize=39936 outsize=612 ok=1
Cmd: preprocessCompute
  insize=7733 outsize=7735 ok=1
Cmd: compileComputeKernel
  api=4 insize=7735 outsize=2930 ok=1
Cmd: preprocessCompute
  insize=5774 outsize=5776 ok=1
Cmd: compileComputeKernel
  api=4 insize=5776 outsize=1406 ok=1
Cmd: preprocess
  insize=35429 outsize=611 ok=1
Cmd: preprocessCompute
  insize=8464 outsize=8466 ok=1
Cmd: preprocessCompute
  insize=7350 outsize=7352 ok=1
Cmd: preprocess
  insize=39936 outsize=612 ok=1
Cmd: preprocessCompute
  insize=7733 outsize=7735 ok=1
Cmd: preprocessCompute
  insize=5774 outsize=5776 ok=1
Cmd: preprocess
  insize=36615 outsize=611 ok=1
Cmd: preprocessCompute
  insize=8464 outsize=8466 ok=1
Cmd: preprocessCompute
  insize=7350 outsize=7352 ok=1
Cmd: preprocess
  insize=39936 outsize=612 ok=1
Cmd: preprocessCompute
  insize=7733 outsize=7735 ok=1
Cmd: compileComputeKernel
  api=4 insize=7735 outsize=2958 ok=1
Cmd: preprocessCompute
  insize=5774 outsize=5776 ok=1
Cmd: compileComputeKernel
  api=4 insize=5776 outsize=1402 ok=1
Cmd: preprocess
  insize=38591 outsize=611 ok=1
Cmd: preprocessCompute
  insize=8464 outsize=8466 ok=1
Cmd: preprocessCompute
  insize=7350 outsize=7352 ok=1
Cmd: preprocess
  insize=39936 outsize=612 ok=1
Cmd: preprocessCompute
  insize=7733 outsize=7735 ok=1
Cmd: compileComputeKernel
  api=4 insize=7735 outsize=2958 ok=1
Cmd: preprocessCompute
  insize=5774 outsize=5776 ok=1
Cmd: compileComputeKernel
  api=4 insize=5776 outsize=1402 ok=1
Cmd: preprocess
  insize=38591 outsize=611 ok=1
Cmd: preprocessCompute
  insize=8464 outsize=8466 ok=1
Cmd: preprocessCompute
  insize=7350 outsize=7352 ok=1
Cmd: preprocess
  insize=39936 outsize=612 ok=1
Cmd: preprocessCompute
  insize=7733 outsize=7735 ok=1
Cmd: preprocessCompute
  insize=5774 outsize=5776 ok=1
Cmd: preprocess
  insize=38591 outsize=611 ok=1
Cmd: preprocessCompute
  insize=8594 outsize=8596 ok=1
Cmd: compileComputeKernel
  api=4 insize=8596 outsize=3047 ok=1
Cmd: preprocessCompute
  insize=7350 outsize=7352 ok=1
Cmd: preprocess
  insize=39936 outsize=612 ok=1
Cmd: preprocessCompute
  insize=7733 outsize=7735 ok=1
Cmd: preprocessCompute
  insize=5774 outsize=5776 ok=1
Cmd: preprocess
  insize=38591 outsize=611 ok=1
Cmd: preprocessCompute
  insize=8464 outsize=8466 ok=1
Cmd: preprocessCompute
  insize=7350 outsize=7352 ok=1
Cmd: preprocess
  insize=39936 outsize=612 ok=1
Cmd: preprocessCompute
  insize=8245 outsize=8247 ok=1
Cmd: compileComputeKernel
  api=4 insize=8247 outsize=3212 ok=1
Cmd: preprocessCompute
  insize=5774 outsize=5776 ok=1
Cmd: compileComputeKernel
  api=4 insize=5776 outsize=1402 ok=1
Cmd: preprocess
  insize=38783 outsize=612 ok=1
Cmd: preprocessCompute
  insize=8464 outsize=8466 ok=1
Cmd: preprocessCompute
  insize=7350 outsize=7352 ok=1
Cmd: preprocess
  insize=39936 outsize=612 ok=1
Cmd: preprocessCompute
  insize=8245 outsize=8247 ok=1
Cmd: preprocessCompute
  insize=5774 outsize=5776 ok=1
Cmd: preprocess
  insize=38783 outsize=612 ok=1
Cmd: preprocessCompute
  insize=8464 outsize=8466 ok=1
Cmd: preprocessCompute
  insize=7350 outsize=7352 ok=1
Cmd: preprocess
  insize=39936 outsize=612 ok=1
Cmd: preprocessCompute
  insize=8245 outsize=8247 ok=1
Cmd: preprocessCompute
  insize=5774 outsize=5776 ok=1
Cmd: preprocess
  insize=38783 outsize=612 ok=1
Cmd: preprocessCompute
  insize=8464 outsize=8466 ok=1
Cmd: preprocessCompute
  insize=7350 outsize=7352 ok=1
Cmd: preprocess
  insize=39936 outsize=612 ok=1
Cmd: preprocessCompute
  insize=8245 outsize=8247 ok=1
Cmd: preprocessCompute
  insize=5774 outsize=5776 ok=1
Cmd: preprocess
  insize=38783 outsize=612 ok=1
Cmd: preprocessCompute
  insize=8464 outsize=8466 ok=1
Cmd: preprocessCompute
  insize=7350 outsize=7352 ok=1
Cmd: preprocess
  insize=39936 outsize=612 ok=1
Cmd: preprocessCompute
  insize=8245 outsize=8247 ok=1
Cmd: preprocessCompute
  insize=5774 outsize=5776 ok=1
Cmd: preprocess
  insize=38783 outsize=612 ok=1
Cmd: preprocessCompute
  insize=8464 outsize=8466 ok=1
Cmd: preprocessCompute
  insize=7350 outsize=7352 ok=1
Cmd: preprocess
  insize=39936 outsize=612 ok=1
Cmd: preprocessCompute
  insize=8245 outsize=8247 ok=1
Cmd: preprocessCompute
  insize=5774 outsize=5776 ok=1
Cmd: preprocess
  insize=38783 outsize=612 ok=1
Cmd: preprocessCompute
  insize=8464 outsize=8466 ok=1
Cmd: preprocessCompute
  insize=7350 outsize=7352 ok=1
Cmd: preprocess
  insize=39936 outsize=612 ok=1
Cmd: preprocessCompute
  insize=8245 outsize=8247 ok=1
Cmd: preprocessCompute
  insize=5774 outsize=5776 ok=1
Cmd: preprocess
  insize=38783 outsize=612 ok=1
Cmd: preprocessCompute
  insize=8464 outsize=8466 ok=1
Cmd: preprocessCompute
  insize=7350 outsize=7352 ok=1
Cmd: preprocess
  insize=39936 outsize=612 ok=1
Cmd: preprocessCompute
  insize=8245 outsize=8247 ok=1
Cmd: preprocessCompute
  insize=5774 outsize=5776 ok=1
Cmd: preprocess
  insize=38783 outsize=612 ok=1
Cmd: preprocessCompute
  insize=8464 outsize=8466 ok=1
Cmd: preprocessCompute
  insize=7350 outsize=7352 ok=1
Cmd: preprocess
  insize=39936 outsize=612 ok=1
Cmd: preprocessCompute
  insize=8245 outsize=8247 ok=1
Cmd: preprocessCompute
  insize=5774 outsize=5776 ok=1
Cmd: preprocess
  insize=38783 outsize=612 ok=1
Cmd: preprocessCompute
  insize=8464 outsize=8466 ok=1
Cmd: preprocessCompute
  insize=7350 outsize=7352 ok=1
Cmd: preprocess
  insize=39936 outsize=612 ok=1
Cmd: preprocessCompute
  insize=8245 outsize=8247 ok=1
Cmd: preprocessCompute
  insize=5774 outsize=5776 ok=1
Cmd: preprocess
  insize=38783 outsize=612 ok=1
Cmd: preprocessCompute
  insize=8464 outsize=8466 ok=1
Cmd: preprocessCompute
  insize=7350 outsize=7352 ok=1
Cmd: preprocess
  insize=39936 outsize=612 ok=1
Cmd: preprocessCompute
  insize=8245 outsize=8247 ok=1
Cmd: compileComputeKernel
  api=4 insize=8247 outsize=3212 ok=1
Cmd: preprocessCompute
  insize=5774 outsize=5776 ok=1
Cmd: compileComputeKernel
  api=4 insize=5776 outsize=1402 ok=1
Cmd: preprocess
  insize=38783 outsize=611 ok=1
Cmd: preprocessCompute
  insize=8464 outsize=8466 ok=1
Cmd: preprocessCompute
  insize=7350 outsize=7352 ok=1
Cmd: preprocess
  insize=39936 outsize=612 ok=1
Cmd: preprocessCompute
  insize=8245 outsize=8247 ok=1
Cmd: preprocessCompute
  insize=5774 outsize=5776 ok=1
Cmd: preprocess
  insize=38783 outsize=611 ok=1
Cmd: preprocessCompute
  insize=8464 outsize=8466 ok=1
Cmd: preprocessCompute
  insize=7350 outsize=7352 ok=1
Cmd: preprocess
  insize=39936 outsize=612 ok=1
Cmd: preprocessCompute
  insize=8245 outsize=8247 ok=1
Cmd: preprocessCompute
  insize=5774 outsize=5776 ok=1
Cmd: preprocess
  insize=38783 outsize=611 ok=1
Cmd: preprocessCompute
  insize=8464 outsize=8466 ok=1
Cmd: preprocessCompute
  insize=7350 outsize=7352 ok=1
Cmd: preprocess
  insize=39936 outsize=612 ok=1
Cmd: preprocessCompute
  insize=8245 outsize=8247 ok=1
Cmd: preprocessCompute
  insize=5774 outsize=5776 ok=1
Cmd: preprocess
  insize=38783 outsize=611 ok=1
Cmd: preprocessCompute
  insize=8464 outsize=8466 ok=1
Cmd: preprocessCompute
  insize=7350 outsize=7352 ok=1
Cmd: preprocess
  insize=39936 outsize=612 ok=1
Cmd: preprocessCompute
  insize=8245 outsize=8247 ok=1
Cmd: preprocessCompute
  insize=5774 outsize=5776 ok=1
Cmd: preprocess
  insize=38783 outsize=611 ok=1
Cmd: preprocessCompute
  insize=8464 outsize=8466 ok=1
Cmd: preprocessCompute
  insize=7350 outsize=7352 ok=1
Cmd: preprocess
  insize=39936 outsize=612 ok=1
Cmd: preprocessCompute
  insize=8245 outsize=8247 ok=1
Cmd: preprocessCompute
  insize=5774 outsize=5776 ok=1
Cmd: preprocess
  insize=38783 outsize=611 ok=1
Cmd: preprocessCompute
  insize=8464 outsize=8466 ok=1
Cmd: preprocessCompute
  insize=7350 outsize=7352 ok=1
Cmd: preprocess
  insize=39936 outsize=612 ok=1
Cmd: preprocessCompute
  insize=8245 outsize=8247 ok=1
Cmd: preprocessCompute
  insize=5774 outsize=5776 ok=1
Cmd: preprocess
  insize=38783 outsize=611 ok=1
Cmd: preprocessCompute
  insize=8464 outsize=8466 ok=1
Cmd: preprocessCompute
  insize=7350 outsize=7352 ok=1
Cmd: preprocess
  insize=39936 outsize=612 ok=1
Cmd: preprocessCompute
  insize=8245 outsize=8247 ok=1
Cmd: preprocessCompute
  insize=5774 outsize=5776 ok=1
Cmd: preprocess
  insize=38783 outsize=611 ok=1
Cmd: preprocessCompute
  insize=8464 outsize=8466 ok=1
Cmd: preprocessCompute
  insize=7350 outsize=7352 ok=1
Cmd: preprocess
  insize=39936 outsize=612 ok=1
Cmd: preprocessCompute
  insize=8245 outsize=8247 ok=1
Cmd: preprocessCompute
  insize=5774 outsize=5776 ok=1
Cmd: preprocess
  insize=38783 outsize=611 ok=1
Cmd: preprocessCompute
  insize=8464 outsize=8466 ok=1
Cmd: preprocessCompute
  insize=7350 outsize=7352 ok=1
Cmd: preprocess
  insize=39936 outsize=612 ok=1
Cmd: preprocessCompute
  insize=8245 outsize=8247 ok=1
Cmd: preprocessCompute
  insize=5774 outsize=5776 ok=1
Cmd: preprocess
  insize=38783 outsize=611 ok=1
Cmd: preprocessCompute
  insize=8464 outsize=8466 ok=1
Cmd: preprocessCompute
  insize=7350 outsize=7352 ok=1
Cmd: preprocess
  insize=39936 outsize=612 ok=1
Cmd: preprocessCompute
  insize=8245 outsize=8247 ok=1
Cmd: preprocessCompute
  insize=5774 outsize=5776 ok=1
Cmd: preprocess
  insize=38783 outsize=611 ok=1
Cmd: preprocessCompute
  insize=8464 outsize=8466 ok=1
Cmd: preprocessCompute
  insize=7350 outsize=7352 ok=1
Cmd: preprocess
  insize=39936 outsize=612 ok=1
Cmd: preprocessCompute
  insize=8245 outsize=8247 ok=1
Cmd: preprocessCompute
  insize=5774 outsize=5776 ok=1
Cmd: preprocess
  insize=38783 outsize=611 ok=1
Cmd: preprocessCompute
  insize=8464 outsize=8466 ok=1
Cmd: preprocessCompute
  insize=7350 outsize=7352 ok=1
Cmd: preprocess
  insize=39936 outsize=612 ok=1
Cmd: preprocessCompute
  insize=8245 outsize=8247 ok=1
Cmd: preprocessCompute
  insize=5774 outsize=5776 ok=1
Cmd: preprocess
  insize=38783 outsize=611 ok=1
Cmd: preprocessCompute
  insize=8464 outsize=8466 ok=1
Cmd: preprocessCompute
  insize=7350 outsize=7352 ok=1
Cmd: preprocess
  insize=39936 outsize=612 ok=1
Cmd: preprocessCompute
  insize=8245 outsize=8247 ok=1
Cmd: preprocessCompute
  insize=5774 outsize=5776 ok=1
Cmd: preprocess
  insize=38783 outsize=611 ok=1
Cmd: preprocessCompute
  insize=8464 outsize=8466 ok=1
Cmd: preprocessCompute
  insize=7350 outsize=7352 ok=1
Cmd: preprocess
  insize=39936 outsize=612 ok=1
Cmd: preprocessCompute
  insize=8245 outsize=8247 ok=1
Cmd: preprocessCompute
  insize=5774 outsize=5776 ok=1
Cmd: preprocess
  insize=38783 outsize=611 ok=1
Cmd: preprocessCompute
  insize=8464 outsize=8466 ok=1
Cmd: preprocessCompute
  insize=7350 outsize=7352 ok=1
Cmd: preprocess
  insize=39936 outsize=612 ok=1
Cmd: preprocessCompute
  insize=8245 outsize=8247 ok=1
Cmd: preprocessCompute
  insize=5774 outsize=5776 ok=1
Cmd: preprocess
  insize=38783 outsize=611 ok=1
Cmd: preprocessCompute
  insize=8464 outsize=8466 ok=1
Cmd: preprocessCompute
  insize=7350 outsize=7352 ok=1
Cmd: preprocess
  insize=39936 outsize=612 ok=1
Cmd: preprocessCompute
  insize=8245 outsize=8247 ok=1
Cmd: preprocessCompute
  insize=5774 outsize=5776 ok=1
Cmd: preprocess
  insize=38783 outsize=611 ok=1
Cmd: preprocessCompute
  insize=8464 outsize=8466 ok=1
Cmd: preprocessCompute
  insize=7350 outsize=7352 ok=1
Cmd: preprocess
  insize=39936 outsize=612 ok=1
Cmd: preprocessCompute
  insize=8442 outsize=8444 ok=1
Cmd: compileComputeKernel
  api=4 insize=8444 outsize=3268 ok=1
Cmd: preprocessCompute
  insize=6911 outsize=6913 ok=1
Cmd: compileComputeKernel
  api=4 insize=6913 outsize=1572 ok=1
Cmd: preprocess
  insize=38783 outsize=611 ok=1
Cmd: preprocessCompute
  insize=8464 outsize=8466 ok=1
Cmd: preprocessCompute
  insize=7350 outsize=7352 ok=1
Cmd: preprocess
  insize=39936 outsize=612 ok=1
Cmd: preprocessCompute
  insize=8442 outsize=8444 ok=1
Cmd: preprocessCompute
  insize=6964 outsize=6966 ok=1
Cmd: compileComputeKernel
  api=4 insize=6966 outsize=1572 ok=1
Cmd: preprocess
  insize=38783 outsize=611 ok=1
Cmd: preprocessCompute
  insize=8464 outsize=8466 ok=1
Cmd: preprocessCompute
  insize=7350 outsize=7352 ok=1
Cmd: preprocess
  insize=39936 outsize=612 ok=1
Cmd: preprocessCompute
  insize=8442 outsize=8444 ok=1
Cmd: preprocessCompute
  insize=7312 outsize=7314 ok=1
Cmd: compileComputeKernel
  api=4 insize=7314 outsize=1994 ok=1
Cmd: preprocess
  insize=38783 outsize=611 ok=1
Cmd: preprocessCompute
  insize=4204 outsize=4206 ok=1
Cmd: preprocessCompute
  insize=3485 outsize=3487 ok=1
Cmd: preprocess
  insize=34918 outsize=624 ok=1
Cmd: preprocessCompute
  insize=1896 outsize=1898 ok=1
Cmd: preprocessCompute
  insize=8464 outsize=8466 ok=1
Cmd: preprocessCompute
  insize=7350 outsize=7352 ok=1
Cmd: preprocess
  insize=39936 outsize=612 ok=1
Cmd: preprocessCompute
  insize=8442 outsize=8444 ok=1
Cmd: preprocessCompute
  insize=7312 outsize=7314 ok=1
Cmd: preprocess
  insize=38783 outsize=611 ok=1
Cmd: preprocessCompute
  insize=4204 outsize=4206 ok=1
Cmd: preprocessCompute
  insize=3485 outsize=3487 ok=1
Cmd: preprocess
  insize=34918 outsize=624 ok=1
Cmd: preprocessCompute
  insize=1896 outsize=1898 ok=1
Cmd: preprocessCompute
  insize=8464 outsize=8466 ok=1
Cmd: preprocessCompute
  insize=7350 outsize=7352 ok=1
Cmd: preprocess
  insize=39936 outsize=612 ok=1
Cmd: preprocessCompute
  insize=8442 outsize=8444 ok=1
Cmd: preprocessCompute
  insize=7312 outsize=7314 ok=1
Cmd: preprocess
  insize=38783 outsize=611 ok=1
Cmd: preprocessCompute
  insize=4204 outsize=4206 ok=1
Cmd: preprocessCompute
  insize=3485 outsize=3487 ok=1
Cmd: preprocess
  insize=34918 outsize=624 ok=1
Cmd: preprocessCompute
  insize=1896 outsize=1898 ok=1
Cmd: preprocessCompute
  insize=8464 outsize=8466 ok=1
Cmd: preprocessCompute
  insize=7350 outsize=7352 ok=1
Cmd: preprocess
  insize=39936 outsize=612 ok=1
Cmd: preprocessCompute
  insize=8442 outsize=8444 ok=1
Cmd: preprocessCompute
  insize=7312 outsize=7314 ok=1
Cmd: preprocess
  insize=38783 outsize=611 ok=1
Cmd: preprocessCompute
  insize=5201 outsize=5203 ok=1
Cmd: compileComputeKernel
  api=4 insize=5203 outsize=1796 ok=1
Cmd: preprocessCompute
  insize=4908 outsize=4910 ok=1
Cmd: compileComputeKernel
  api=4 insize=4910 outsize=1260 ok=1
Cmd: preprocess
  insize=35106 outsize=624 ok=1
Cmd: preprocessCompute
  insize=1926 outsize=1928 ok=1
Cmd: compileComputeKernel
  api=4 insize=1928 outsize=1119 ok=1
Cmd: preprocessCompute
  insize=8464 outsize=8466 ok=1
Cmd: preprocessCompute
  insize=7350 outsize=7352 ok=1
Cmd: preprocess
  insize=39936 outsize=612 ok=1
Cmd: preprocessCompute
  insize=8442 outsize=8444 ok=1
Cmd: preprocessCompute
  insize=7312 outsize=7314 ok=1
Cmd: preprocess
  insize=38783 outsize=611 ok=1
Cmd: preprocessCompute
  insize=4204 outsize=4206 ok=1
Cmd: preprocessCompute
  insize=3485 outsize=3487 ok=1
Cmd: preprocess
  insize=34918 outsize=624 ok=1
Cmd: preprocessCompute
  insize=1896 outsize=1898 ok=1
Cmd: preprocessCompute
  insize=8464 outsize=8466 ok=1
Cmd: preprocessCompute
  insize=7350 outsize=7352 ok=1
Cmd: preprocess
  insize=39936 outsize=612 ok=1
Cmd: preprocessCompute
  insize=8442 outsize=8444 ok=1
Cmd: preprocessCompute
  insize=7312 outsize=7314 ok=1
Cmd: preprocess
  insize=38783 outsize=611 ok=1
Cmd: preprocessCompute
  insize=5206 outsize=5208 ok=1
Cmd: preprocessCompute
  insize=4908 outsize=4910 ok=1
Cmd: preprocess
  insize=35106 outsize=624 ok=1
Cmd: preprocessCompute
  insize=1926 outsize=1928 ok=1
Cmd: preprocessCompute
  insize=8464 outsize=8466 ok=1
Cmd: preprocessCompute
  insize=7350 outsize=7352 ok=1
Cmd: preprocess
  insize=39936 outsize=612 ok=1
Cmd: preprocessCompute
  insize=8442 outsize=8444 ok=1
Cmd: preprocessCompute
  insize=7312 outsize=7314 ok=1
Cmd: preprocess
  insize=38783 outsize=611 ok=1
Cmd: preprocessCompute
  insize=5919 outsize=5921 ok=1
Cmd: compileComputeKernel
  api=4 insize=5921 outsize=2258 ok=1
Cmd: preprocessCompute
  insize=5818 outsize=5820 ok=1
Cmd: compileComputeKernel
  api=4 insize=5820 outsize=1512 ok=1
Cmd: preprocess
  insize=35368 outsize=625 ok=1
Cmd: preprocessCompute
  insize=1969 outsize=1971 ok=1
Cmd: compileComputeKernel
  api=4 insize=1971 outsize=1398 ok=1
Cmd: preprocessCompute
  insize=8464 outsize=8466 ok=1
Cmd: preprocessCompute
  insize=7350 outsize=7352 ok=1
Cmd: preprocess
  insize=39936 outsize=612 ok=1
Cmd: preprocessCompute
  insize=8442 outsize=8444 ok=1
Cmd: preprocessCompute
  insize=7312 outsize=7314 ok=1
Cmd: preprocess
  insize=38783 outsize=611 ok=1
Cmd: preprocessCompute
  insize=6440 outsize=6442 ok=1
Cmd: compileComputeKernel
  api=4 insize=6442 outsize=2556 ok=1
Cmd: preprocessCompute
  insize=5818 outsize=5820 ok=1
Cmd: compileComputeKernel
  api=4 insize=5820 outsize=1512 ok=1
Cmd: preprocess
  insize=35524 outsize=625 ok=1
Cmd: preprocessCompute
  insize=1969 outsize=1971 ok=1
Cmd: compileComputeKernel
  api=4 insize=1971 outsize=1398 ok=1
Cmd: preprocessCompute
  insize=8464 outsize=8466 ok=1
Cmd: preprocessCompute
  insize=7350 outsize=7352 ok=1
Cmd: preprocess
  insize=39936 outsize=612 ok=1
Cmd: preprocessCompute
  insize=8442 outsize=8444 ok=1
Cmd: preprocessCompute
  insize=7312 outsize=7314 ok=1
Cmd: preprocess
  insize=38783 outsize=611 ok=1
Cmd: preprocessCompute
  insize=6914 outsize=6916 ok=1
Cmd: compileComputeKernel
  api=4 insize=6916 outsize=2952 ok=1
Cmd: preprocessCompute
  insize=5818 outsize=5820 ok=1
Cmd: compileComputeKernel
  api=4 insize=5820 outsize=1512 ok=1
Cmd: preprocess
  insize=35524 outsize=624 ok=1
Cmd: preprocessCompute
  insize=1969 outsize=1971 ok=1
Cmd: compileComputeKernel
  api=4 insize=1971 outsize=1398 ok=1
Cmd: preprocessCompute
  insize=8464 outsize=8466 ok=1
Cmd: preprocessCompute
  insize=7350 outsize=7352 ok=1
Cmd: preprocess
  insize=39936 outsize=612 ok=1
Cmd: preprocessCompute
  insize=8863 outsize=8865 ok=1
Cmd: compileComputeKernel
  api=4 insize=8865 outsize=3734 ok=1
Cmd: preprocessCompute
  insize=7312 outsize=7314 ok=1
Cmd: preprocess
  insize=38783 outsize=611 ok=1
Cmd: preprocessCompute
  insize=6914 outsize=6916 ok=1
Cmd: preprocessCompute
  insize=5818 outsize=5820 ok=1
Cmd: preprocess
  insize=35524 outsize=624 ok=1
Cmd: preprocessCompute
  insize=1969 outsize=1971 ok=1
Cmd: preprocessCompute
  insize=8464 outsize=8466 ok=1
Cmd: preprocessCompute
  insize=7350 outsize=7352 ok=1
Cmd: preprocess
  insize=39936 outsize=612 ok=1
Cmd: preprocessCompute
  insize=8442 outsize=8444 ok=1
Cmd: preprocessCompute
  insize=7312 outsize=7314 ok=1
Cmd: preprocess
  insize=38783 outsize=611 ok=1
Cmd: preprocessCompute
  insize=8211 outsize=8213 ok=1
Cmd: compileComputeKernel
  api=4 insize=8213 outsize=3394 ok=1
Cmd: preprocessCompute
  insize=5818 outsize=5820 ok=1
Cmd: preprocess
  insize=35524 outsize=624 ok=1
Cmd: preprocessCompute
  insize=1969 outsize=1971 ok=1
Cmd: preprocessCompute
  insize=8464 outsize=8466 ok=1
Cmd: preprocessCompute
  insize=7350 outsize=7352 ok=1
Cmd: preprocess
  insize=39936 outsize=612 ok=1
Cmd: preprocessCompute
  insize=8442 outsize=8444 ok=1
Cmd: preprocessCompute
  insize=7312 outsize=7314 ok=1
Cmd: preprocess
  insize=38783 outsize=611 ok=1
Cmd: preprocessCompute
  insize=8211 outsize=8213 ok=1
Cmd: compileComputeKernel
  api=4 insize=8213 outsize=3378 ok=1
Cmd: preprocessCompute
  insize=5786 outsize=5788 ok=1
Cmd: compileComputeKernel
  api=4 insize=5788 outsize=1406 ok=1
Cmd: preprocess
  insize=35443 outsize=611 ok=1
Cmd: preprocessCompute
  insize=8464 outsize=8466 ok=1
Cmd: preprocessCompute
  insize=7350 outsize=7352 ok=1
Cmd: preprocess
  insize=39936 outsize=612 ok=1
Cmd: preprocessCompute
  insize=8442 outsize=8444 ok=1
Cmd: preprocessCompute
  insize=7312 outsize=7314 ok=1
Cmd: preprocess
  insize=38783 outsize=611 ok=1
Cmd: preprocessCompute
  insize=7737 outsize=7739 ok=1
Cmd: preprocessCompute
  insize=5786 outsize=5788 ok=1
Cmd: preprocess
  insize=35443 outsize=612 ok=1
Cmd: preprocessCompute
  insize=8464 outsize=8466 ok=1
Cmd: preprocessCompute
  insize=7350 outsize=7352 ok=1
Cmd: preprocess
  insize=39936 outsize=612 ok=1
Cmd: preprocessCompute
  insize=8442 outsize=8444 ok=1
Cmd: preprocessCompute
  insize=7312 outsize=7314 ok=1
Cmd: preprocess
  insize=38783 outsize=611 ok=1
Cmd: preprocessCompute
  insize=7738 outsize=7740 ok=1
Cmd: compileComputeKernel
  api=4 insize=7740 outsize=2958 ok=1
Cmd: preprocessCompute
  insize=5788 outsize=5790 ok=1
Cmd: compileComputeKernel
  api=4 insize=5790 outsize=1402 ok=1
Cmd: preprocess
  insize=37427 outsize=610 ok=1
Cmd: preprocessCompute
  insize=8464 outsize=8466 ok=1
Cmd: preprocessCompute
  insize=7350 outsize=7352 ok=1
Cmd: preprocess
  insize=39936 outsize=612 ok=1
Cmd: preprocessCompute
  insize=8442 outsize=8444 ok=1
Cmd: preprocessCompute
  insize=7312 outsize=7314 ok=1
Cmd: preprocess
  insize=38783 outsize=611 ok=1
Cmd: preprocessCompute
  insize=7738 outsize=7740 ok=1
Cmd: preprocessCompute
  insize=5788 outsize=5790 ok=1
Cmd: preprocess
  insize=37427 outsize=610 ok=1
Cmd: preprocessCompute
  insize=8464 outsize=8466 ok=1
Cmd: preprocessCompute
  insize=7350 outsize=7352 ok=1
Cmd: preprocess
  insize=39936 outsize=612 ok=1
Cmd: preprocessCompute
  insize=8442 outsize=8444 ok=1
Cmd: preprocessCompute
  insize=7312 outsize=7314 ok=1
Cmd: preprocess
  insize=38783 outsize=611 ok=1
Cmd: preprocessCompute
  insize=7738 outsize=7740 ok=1
Cmd: preprocessCompute
  insize=5788 outsize=5790 ok=1
Cmd: preprocess
  insize=37427 outsize=610 ok=1
Cmd: preprocessCompute
  insize=8464 outsize=8466 ok=1
Cmd: preprocessCompute
  insize=7350 outsize=7352 ok=1
Cmd: preprocess
  insize=39936 outsize=612 ok=1
Cmd: preprocessCompute
  insize=8442 outsize=8444 ok=1
Cmd: preprocessCompute
  insize=7312 outsize=7314 ok=1
Cmd: preprocess
  insize=38783 outsize=611 ok=1
Cmd: preprocessCompute
  insize=7738 outsize=7740 ok=1
Cmd: preprocessCompute
  insize=5788 outsize=5790 ok=1
Cmd: preprocess
  insize=37427 outsize=610 ok=1
Cmd: preprocessCompute
  insize=8464 outsize=8466 ok=1
Cmd: preprocessCompute
  insize=7350 outsize=7352 ok=1
Cmd: preprocess
  insize=39936 outsize=612 ok=1
Cmd: preprocessCompute
  insize=8442 outsize=8444 ok=1
Cmd: preprocessCompute
  insize=7312 outsize=7314 ok=1
Cmd: preprocess
  insize=38783 outsize=611 ok=1
Cmd: preprocessCompute
  insize=7738 outsize=7740 ok=1
Cmd: preprocessCompute
  insize=5788 outsize=5790 ok=1
Cmd: preprocess
  insize=37427 outsize=610 ok=1
Cmd: preprocessCompute
  insize=8355 outsize=8357 ok=1
Cmd: compileComputeKernel
  api=4 insize=8357 outsize=2937 ok=1
Cmd: preprocessCompute
  insize=7350 outsize=7352 ok=1
Cmd: preprocess
  insize=39936 outsize=612 ok=1
Cmd: preprocessCompute
  insize=8349 outsize=8351 ok=1
Cmd: compileComputeKernel
  api=4 insize=8351 outsize=2860 ok=1
Cmd: preprocessCompute
  insize=7342 outsize=7344 ok=1
Cmd: compileComputeKernel
  api=4 insize=7344 outsize=1960 ok=1
Cmd: preprocess
  insize=38783 outsize=611 ok=1
Cmd: preprocessCompute
  insize=7678 outsize=7680 ok=1
Cmd: compileComputeKernel
  api=4 insize=7680 outsize=2654 ok=1
Cmd: preprocessCompute
  insize=5788 outsize=5790 ok=1
Cmd: preprocess
  insize=37427 outsize=610 ok=1
Cmd: preprocessCompute
  insize=8355 outsize=8357 ok=1
Cmd: preprocessCompute
  insize=7350 outsize=7352 ok=1
Cmd: preprocess
  insize=39936 outsize=612 ok=1
Cmd: preprocessCompute
  insize=8349 outsize=8351 ok=1
Cmd: preprocessCompute
  insize=7342 outsize=7344 ok=1
Cmd: preprocess
  insize=38783 outsize=611 ok=1
Cmd: preprocessCompute
  insize=7678 outsize=7680 ok=1
Cmd: preprocessCompute
  insize=5788 outsize=5790 ok=1
Cmd: preprocess
  insize=37427 outsize=610 ok=1

Quitting shader compiler process
